Trying [http://mirrors.kernel.org/debian/pool/]
onLoad = []
Error:Unknown Captive portal
Read 1 lines:
<HTML><HEAD><TITLE> Web Authentication Redirect</TITLE><META http-equiv="Cache-control" content="no-cache"><META http-equiv="Pragma" content="no-cache"><META http-equiv="Expires" content="-1"><META http-equiv="refresh" content="1; URL=https://www.wlc.oa.mo.gov/login.html?redirect=mirrors.kernel.org/debian/pool/"></HEAD></HTML>
Field[0(Location)] = [https://www.wlc.oa.mo.gov/login.html?redirect=mirrors.kernel.org/debian/pool/]
Field[1(Content-Type)] = [text/html]
Field[2(Content-Length)] = [330]
Field[3(X-Android-Sent-Millis)] = [1380838373184]
Field[4(X-Android-Received-Millis)] = [1380838373193]
Redirected to  [https://www.wlc.oa.mo.gov/login.html?redirect=mirrors.kernel.org/debian/pool/] have to handle explicitly
Switching to logging to file:/data/data/com.wifiafterconnect/files/www.wlc.oa.mo.gov.log
Trying [http://mirrors.kernel.org/debian/pool/]
onLoad = []
Error:Unknown Captive portal
Read 14 lines:
<!DOCTYPE HTML PUBLIC "-//W3C//DTD HTML 3.2 Final//EN"><html> <head>  <title>Index of /debian/pool</title> </head> <body><h1>Index of /debian/pool</h1><pre><a href="?C=N;O=D">Name</a>                    <a href="?C=M;O=A">Last modified</a>      <a href="?C=S;O=A">Size</a>  <hr><a href="/debian/">Parent Directory</a>                             -   <a href="contrib/">contrib/</a>                01-Jul-2012 02:28    -   <a href="main/">main/</a>                   09-Apr-2012 10:02    -   <a href="non-free/">non-free/</a>               30-Mar-2012 02:50    -   <hr></pre><address>Apache/2.2.15 (Red Hat) Server at mirrors.kernel.org Port 80</address></body></html>
Field[0(Date)] = [Thu, 03 Oct 2013 22:12:55 GMT]
Field[1(Server)] = [Apache/2.2.15 (Red Hat)]
Field[2(Content-Length)] = [681]
Field[3(Keep-Alive)] = [timeout=5, max=999]
Field[4(Connection)] = [Keep-Alive]
Field[5(Content-Type)] = [text/html;charset=UTF-8]
Field[6(X-Android-Sent-Millis)] = [1380838373923]
Field[7(X-Android-Received-Millis)] = [1380838374019]
Success
Trying [http://mirrors.kernel.org/debian/pool/]
onLoad = []
Error:Unknown Captive portal
Read 14 lines:
<!DOCTYPE HTML PUBLIC "-//W3C//DTD HTML 3.2 Final//EN"><html> <head>  <title>Index of /debian/pool</title> </head> <body><h1>Index of /debian/pool</h1><pre><a href="?C=N;O=D">Name</a>                    <a href="?C=M;O=A">Last modified</a>      <a href="?C=S;O=A">Size</a>  <hr><a href="/debian/">Parent Directory</a>                             -   <a href="contrib/">contrib/</a>                01-Jul-2012 02:28    -   <a href="main/">main/</a>                   09-Apr-2012 10:02    -   <a href="non-free/">non-free/</a>               30-Mar-2012 02:50    -   <hr></pre><address>Apache/2.2.15 (Red Hat) Server at mirrors.kernel.org Port 80</address></body></html>
Field[0(Date)] = [Thu, 03 Oct 2013 22:32:01 GMT]
Field[1(Server)] = [Apache/2.2.15 (Red Hat)]
Field[2(Content-Length)] = [681]
Field[3(Keep-Alive)] = [timeout=5, max=1000]
Field[4(Connection)] = [Keep-Alive]
Field[5(Content-Type)] = [text/html;charset=UTF-8]
Field[6(X-Android-Sent-Millis)] = [1380839520905]
Field[7(X-Android-Received-Millis)] = [1380839521019]
Success
Trying [http://mirrors.kernel.org/debian/pool/]
onLoad = []
Error:Unknown Captive portal
Read 14 lines:
<!DOCTYPE HTML PUBLIC "-//W3C//DTD HTML 3.2 Final//EN"><html> <head>  <title>Index of /debian/pool</title> </head> <body><h1>Index of /debian/pool</h1><pre><a href="?C=N;O=D">Name</a>                    <a href="?C=M;O=A">Last modified</a>      <a href="?C=S;O=A">Size</a>  <hr><a href="/debian/">Parent Directory</a>                             -   <a href="contrib/">contrib/</a>                01-Jul-2012 02:28    -   <a href="main/">main/</a>                   09-Apr-2012 10:02    -   <a href="non-free/">non-free/</a>               30-Mar-2012 02:50    -   <hr></pre><address>Apache/2.2.15 (Red Hat) Server at mirrors.kernel.org Port 80</address></body></html>
Field[0(Date)] = [Thu, 03 Oct 2013 22:32:13 GMT]
Field[1(Server)] = [Apache/2.2.15 (Red Hat)]
Field[2(Content-Length)] = [681]
Field[3(Keep-Alive)] = [timeout=5, max=1000]
Field[4(Connection)] = [Keep-Alive]
Field[5(Content-Type)] = [text/html;charset=UTF-8]
Field[6(X-Android-Sent-Millis)] = [1380839532812]
Field[7(X-Android-Received-Millis)] = [1380839532907]
Success
Trying [http://mirrors.kernel.org/debian/pool/]
onLoad = []
Error:Unknown Captive portal
Read 308 lines:
<!DOCTYPE html PUBLIC "-//W3C//DTD XHTML 1.0 Strict//EN"  "http://www.w3.org/TR/xhtml1/DTD/xhtml1-strict.dtd"><html xmlns="http://www.w3.org/1999/xhtml" xml:lang="en" lang="en" dir="ltr"><head>  <title>Action Required - Guest Access</title>  <meta http-equiv="Content-Type" content="text/html; charset=UTF-8" />  <link rel="stylesheet" type="text/css" href="reset-min.css" />  <link rel="stylesheet" type="text/css" href="styles.css" />  <script type="text/javascript" src="js/jquery.min.js"></script>  <script type="text/javascript" src="js/guest.js"></script>  <style type="text/css">.auto-style1 {	text-align: center;}</style></head><body class="login-page"><!-- see README.txt for HTML customization instructions --><div class="page-content" style="padding-top:100px;">	<div class="login-content content-box">							<form name="input" method="post" action="/guest/login">				<input type="hidden" name="page_error" value="index.html" />				<div class="password-box">					<!-- Title or Error -->											<h2>A password is required to access the wireless network						</h2>					<div class="auto-style1">						Jefferson City Area YMCA - Passwords Posted In 						Facilities															<!-- password input -->					<fieldset class="large-text">						<p class="form-element">							<label for="Password" class="fieldname">Guest Password</label>							<input id="Password" name="password" type="password" class="textInput" value="" autocomplete="off" />						</p>					</fieldset>										<!-- submit -->					</div>					<div class="form-controls">						<input name="connect" type="submit" value="Connect" id="connect" class="button requires-tou" />					</div>				</div>			</form>			</div>	<div class="login-content content-box">		<form name="input" method="post" action="/guest/login">			<div class="tou-box">				<h2>Jefferson City Area YMCA - WiFi Usage Agreement</h2>				<div class="tou-wrapper" id="tou">					<div class="tou">					<p>Jefferson City Area YMCA</p>					WiFi SYSTEM USER AGREEMENT <br />					<br />					Please read the following information carefully before using 					this service.					Welcome to the wireless high-speed Intranet and Internet 					access system ("WiFi System"). This agreement ("Agreement") 					governs your rights and <br />					responsibilities and our rights and responsibilities 					relating to the use of the WiFi System (the "Facilities"). 					This Agreement is between you and the <br />					Jefferson City Area YMCA (The Y), the organization currently 					providing you access to this website described under 					Description of WiFi System below (the <br />					"Provider"). To print a copy of this Agreement, click the 					print button on your browser. <br />					<br />					Acceptance of Agreement by Use/Activation. <br />					<br />					BY CLICKING ON "I AGREE" ON THE WIFI SYSTEM SIGN-UP PAGE, 					YOU REPRESENT that: <br />					1. YOU HAVE READ, UNDERSTAND AND AGREE TO THE TERMS OF THIS 					AGREEMENT AND<br />					2. YOU ARE AT LEAST 18 YEARS OF AGE. <br />					<br />					If you do not agree to the terms of this Agreement, you may 					not use the WiFi System. Your electronic acceptance of the 					Agreement by clicking on "I AGREE" <br />					or checking the checkbox on the sign-up page has the same 					effect as if you had actually signed the Agreement. The 					effective date of this Agreement is the <br />					date that you click on "I AGREE". <br />					<br />					Description of WiFi System/Service Availability <br />					Provider (The Y) will provide access to the WiFi System at 					locations ("Enabled Locations") that have been equipped with 					wireless access points. Access <br />					points or Enabled Locations may not be available in all 					areas of the Facilities, and may not always be operational.					<br />					No Fee for WiFi System <br />					Use of the WiFi System is free. Provider may provide links 					on the Web site to other Web sites that are not under our 					control. These links are provided for <br />					convenience only and are not intended as an endorsement by 					Provider of the organization or individual operating the Web 					site or a warranty of any type <br />					regarding the Web site or the content on the Web site. <br />					Access to Internet Content <br />					Provider does not screen or restrict access to any content 					placed on or accessible through the Internet. Provider also 					does not screen or restrict <br />					communications between parties via the Internet. You 					acknowledge that if you access the Internet you may receive 					or be exposed to content, goods or <br />					services which you consider to be improper, inaccurate, 					misleading, defamatory, obscene or otherwise offensive. You 					agree that Provider is not liable for <br />					any action or inaction with respect to any such content on 					the Internet accessible through the WiFi System. In 					addition, Provider is not responsible for <br />					any content provided by third parties or licensed to 					Provider for inclusion within the Intranet portion of the 					WiFi System. <br />					Your Responsibilities <br />					You must comply with local, state, federal and international 					laws and regulations, including but not limited to copyright 					and intellectual property rights <br />					laws. You agree to be responsible for and to bear all risk 					and consequences for (1) the accuracy, completeness, 					reliability and/or usefulness of any <br />					content available through the WiFi System and (2) all 					communications that you send or receive via the WiFi System. 					Provider does not undertake the security <br />					of any data you send through the WiFi System and it is your 					responsibility to secure such data. <br />					Acceptable Use Policy <br />					All users of the WiFi System must comply with this 					Acceptable Use Policy (AUP). This AUP is intended to improve 					the use of the Internet by preventing <br />					unacceptable uses. Provider does not actively monitor the 					use of the WiFi System under normal circumstances. Similarly 					we do not exercise editorial control <br />					or review over the content of any Web site, electronic mail 					transmission, newsgroup or other material created or 					accessible over or through the WiFi <br />					System. However, we may remove, block, filter or restrict by 					any other means any materials that, in our sole discretion, 					may be illegal, may subject <br />					Provider to liability or may violate this AUP. Provider may 					cooperate with legal authorities and/or third parties in the 					investigation of any suspected or <br />					alleged crime or civil wrong. Violation of this AUP may 					result in the suspension or termination of either access to 					the WiFi System and/or your account or <br />					other actions as detailed below. <br />					The following constitute examples of violations of this AUP. 					You agree to not use the WiFi System to: <br />					(1) transmit any material (by uploading, posting, email or 					otherwise) that is unlawful, threatening, abusive, 					harassing, tortious, defamatory, obscene, <br />					libelous, invasive of another's privacy, hateful or 					racially, ethnically or otherwise objectionable; <br />					(2) harm, or attempt to harm, minors in any way; <br />					(3) impersonate any person or entity or falsely state or 					otherwise misrepresent your affiliation with a person or 					entity; forge headers or otherwise <br />					manipulate identifiers in order to disguise the origin of 					any material transmitted through the WiFi System; <br />					(4) transmit any material (by uploading, posting, email or 					otherwise) that you do not have a right to make available 					under any law or under contractual or <br />					fiduciary relationships (such as inside information, 					proprietary and confidential information learned or 					disclosed as part of employment relationships or <br />					under non-disclosure agreements); <br />					(5) transmit any material (by uploading, posting, email or 					otherwise) that infringes any patent, trademark, trade 					secret, copyright or other proprietary <br />					rights of any party; <br />					(6) transmit (by uploading, posting, email or otherwise) any 					unsolicited or unauthorized advertising, promotional 					materials, "junk mail," "spam," "chain <br />					letters," "pyramid schemes" or any other form of 					solicitation; <br />					(7) transmit any material (by uploading, posting, email or 					otherwise) that contains software viruses or any other 					computer code, files or programs designed <br />					to interrupt, destroy or limit the functionality of any 					computer software or hardware or telecommunications 					equipment; <br />					(8) disrupt the normal flow of dialogue, cause a screen to 					"scroll" faster than other users of the Service are able to 					type, or otherwise act in a manner <br />					that negatively affects other users' ability to engage in 					real time exchanges; <br />					(9) interfere with or disrupt the Service or servers or 					networks connected to the Service, or disobey any 					requirements, procedures, policies or regulations <br />					of networks connected to the Service; <br />					(10) intentionally or unintentionally violate any applicable 					local, state, national or international law, including, but 					not limited to, regulations <br />					promulgated by the U.S. Securities and Exchange Commission, 					any rules of any national or other securities exchange, 					including, without limitation, the New <br />					York Stock Exchange, the American Stock Exchange or the 					NASDAQ, and any regulations having the force of law; <br />					(11) "stalk" or otherwise harass another; or collect or 					store, or attempt to collect or store, personal data about 					third parties without their knowledge or <br />					consent; <br />					(12) resell the WiFi System without Provider's 					authorization; <br />					(13) use the WiFi System for high volume data transfers, 					especially sustained high volume data transfers, hosting a 					web server, IRC server, or any other <br />					server. <br />					Provider requests that anyone who believes that there is a 					violation of this AUP direct the information to (573) 					761-9000. If available, please provide the <br />					following information: (1) the IP address used to commit the 					alleged violation; (2) the date and time of the alleged 					violation, including the time zone; <br />					(3) evidence of the alleged violation; and (4) your contact 					details including full name, email address and telephone 					number . <br />					Termination <br />					You agree that Provider may terminate this Agreement and 					cancel your access to the WiFi System at any time, without 					notice and for any reason including, <br />					but not limited to violation of any of the terms and 					conditions of this Agreement, security or safety reasons, 					providing inaccurate registration <br />					information, and/or using the WiFi System to perform any 					illegal activity. You further agree that in the event of 					termination for any reason Provider will <br />					have no liability to you. <br />					Termination by Acceptable Usage <br />					From time to time Provider may impose reasonable rules and 					regulations regarding the use of its services. The rules 					under this paragraph are not exhaustive <br />					and Provider reserves the right to modify these. You agree 					to abide by these rules. Any violation to these rules may 					result in the suspension or <br />					termination of your service. Any unlisted activity may also 					be a violation of this rules if it illegal, irresponsible, 					or disruptive to the network. <br />					Indemnification <br />					You shall defend, indemnify and hold Provider and its 					corporate affiliates and their respective officers, 					directors, trustees, employees, contractors, <br />					agents, successors and assigns harmless from and against, 					and shall promptly reimburse them for, any and all losses, 					claims, damages, settlements, costs, <br />					and liabilities of any nature whatsoever (including 					reasonable attorneys' fees) to which any of them may become 					subject arising out of, based upon, as a <br />					result of, or in any way connected with, your use of the 					WiFi System or any breach of this Agreement. <br />					Entire Agreement, Applicable Law, Forum <br />					This Agreement constitutes the entire agreement between you 					and Provider with respect to the subject matter hereof. This 					Agreement shall be construed under <br />					the laws of the United States and the State of Missouri as 					applicable without giving effect to the principles of 					conflicts of law thereof. <br />					<br />						</p>					<ul>						<li>The wireless network service is provided by the property owners and is completely at their discretion. Your access to the network may be blocked, suspended, or terminated at any time for any reason.</li>						<li>You agree not to use the wireless network for any purpose that is unlawful and take full responbility of your acts.</li>						<li>The wireless network is provided &quot;as is&quot; without warranties of any kind, either expressed or implied. </li>					</ul>					</div>				</div>				<fieldset class="accept-tou">					<input id="accept-tou" type="checkbox" checked="checked" name="accept-tou" value="yes" />					<label class="normal" >I accept the <a href="javascript:void(0)" id="show-tou">					Jefferson City Area YMCA Wifi Usage Agreement</a></label>				</fieldset>				<div class="form-controls">					<!-- submit (only for no authentication) -->									</div>			</div>		</form>	</div></div><script type="text/javascript">$(function() { 	$('#tou').hide();	$('#show-tou').click(function() {		$('#tou').show();	});	$('#accept-tou').click(function() {		if (!$('#accept-tou').checked()) {			$('input.requires-tou').disable();		}		else {			$('input.requires-tou').enable();		}	})});</script></body></html>
Field[0(Server)] = [Apache-Coyote/1.1]
Field[1(Set-Cookie)] = [ec=5FyZqmh-gzt9ncXg3PyAwBSg1yu6fN-IKvxILMYigxyGegTKJVU0mEbbqaneKfjIuDoPVm4hOBWKoljP4wO5a-gLrcRuTfqBGP63rrRLWaTOEbKDOkji0230C1Zr1opIW1KpxHPgGXsJOzbpqm7nXfrID7uV0LqqXKk28xU-g4oTAhM-H9rpkujoLw2BdOHk2APB3sKpk4qSbYeg-NR9cQ]
Field[2(Content-Type)] = [text/html]
Field[3(Transfer-Encoding)] = [chunked]
Field[4(Vary)] = [Accept-Encoding]
Field[5(Date)] = [Thu, 03 Oct 2013 22:46:01 GMT]
Field[6(X-Android-Sent-Millis)] = [1380840359542]
Field[7(X-Android-Received-Millis)] = [1380840359578]
Redirected to  [http://192.168.100.252:9880/guest/?id=40:0e:85:2b:0f:4c&ap=00:27:22:ce:74:dc&t=1380840356&url=http://mirrors.kernel.org/debian/pool/&ssid=JCYMCA_PUBLIC]
Switching to logging to file:/data/data/com.wifiafterconnect/files/192.168.100.252.log
Trying [http://mirrors.kernel.org/debian/pool/]
onLoad = []
Error:Unknown Captive portal
Read 308 lines:
<!DOCTYPE html PUBLIC "-//W3C//DTD XHTML 1.0 Strict//EN"  "http://www.w3.org/TR/xhtml1/DTD/xhtml1-strict.dtd"><html xmlns="http://www.w3.org/1999/xhtml" xml:lang="en" lang="en" dir="ltr"><head>  <title>Action Required - Guest Access</title>  <meta http-equiv="Content-Type" content="text/html; charset=UTF-8" />  <link rel="stylesheet" type="text/css" href="reset-min.css" />  <link rel="stylesheet" type="text/css" href="styles.css" />  <script type="text/javascript" src="js/jquery.min.js"></script>  <script type="text/javascript" src="js/guest.js"></script>  <style type="text/css">.auto-style1 {	text-align: center;}</style></head><body class="login-page"><!-- see README.txt for HTML customization instructions --><div class="page-content" style="padding-top:100px;">	<div class="login-content content-box">							<form name="input" method="post" action="/guest/login">				<input type="hidden" name="page_error" value="index.html" />				<div class="password-box">					<!-- Title or Error -->											<h2>A password is required to access the wireless network						</h2>					<div class="auto-style1">						Jefferson City Area YMCA - Passwords Posted In 						Facilities															<!-- password input -->					<fieldset class="large-text">						<p class="form-element">							<label for="Password" class="fieldname">Guest Password</label>							<input id="Password" name="password" type="password" class="textInput" value="" autocomplete="off" />						</p>					</fieldset>										<!-- submit -->					</div>					<div class="form-controls">						<input name="connect" type="submit" value="Connect" id="connect" class="button requires-tou" />					</div>				</div>			</form>			</div>	<div class="login-content content-box">		<form name="input" method="post" action="/guest/login">			<div class="tou-box">				<h2>Jefferson City Area YMCA - WiFi Usage Agreement</h2>				<div class="tou-wrapper" id="tou">					<div class="tou">					<p>Jefferson City Area YMCA</p>					WiFi SYSTEM USER AGREEMENT <br />					<br />					Please read the following information carefully before using 					this service.					Welcome to the wireless high-speed Intranet and Internet 					access system ("WiFi System"). This agreement ("Agreement") 					governs your rights and <br />					responsibilities and our rights and responsibilities 					relating to the use of the WiFi System (the "Facilities"). 					This Agreement is between you and the <br />					Jefferson City Area YMCA (The Y), the organization currently 					providing you access to this website described under 					Description of WiFi System below (the <br />					"Provider"). To print a copy of this Agreement, click the 					print button on your browser. <br />					<br />					Acceptance of Agreement by Use/Activation. <br />					<br />					BY CLICKING ON "I AGREE" ON THE WIFI SYSTEM SIGN-UP PAGE, 					YOU REPRESENT that: <br />					1. YOU HAVE READ, UNDERSTAND AND AGREE TO THE TERMS OF THIS 					AGREEMENT AND<br />					2. YOU ARE AT LEAST 18 YEARS OF AGE. <br />					<br />					If you do not agree to the terms of this Agreement, you may 					not use the WiFi System. Your electronic acceptance of the 					Agreement by clicking on "I AGREE" <br />					or checking the checkbox on the sign-up page has the same 					effect as if you had actually signed the Agreement. The 					effective date of this Agreement is the <br />					date that you click on "I AGREE". <br />					<br />					Description of WiFi System/Service Availability <br />					Provider (The Y) will provide access to the WiFi System at 					locations ("Enabled Locations") that have been equipped with 					wireless access points. Access <br />					points or Enabled Locations may not be available in all 					areas of the Facilities, and may not always be operational.					<br />					No Fee for WiFi System <br />					Use of the WiFi System is free. Provider may provide links 					on the Web site to other Web sites that are not under our 					control. These links are provided for <br />					convenience only and are not intended as an endorsement by 					Provider of the organization or individual operating the Web 					site or a warranty of any type <br />					regarding the Web site or the content on the Web site. <br />					Access to Internet Content <br />					Provider does not screen or restrict access to any content 					placed on or accessible through the Internet. Provider also 					does not screen or restrict <br />					communications between parties via the Internet. You 					acknowledge that if you access the Internet you may receive 					or be exposed to content, goods or <br />					services which you consider to be improper, inaccurate, 					misleading, defamatory, obscene or otherwise offensive. You 					agree that Provider is not liable for <br />					any action or inaction with respect to any such content on 					the Internet accessible through the WiFi System. In 					addition, Provider is not responsible for <br />					any content provided by third parties or licensed to 					Provider for inclusion within the Intranet portion of the 					WiFi System. <br />					Your Responsibilities <br />					You must comply with local, state, federal and international 					laws and regulations, including but not limited to copyright 					and intellectual property rights <br />					laws. You agree to be responsible for and to bear all risk 					and consequences for (1) the accuracy, completeness, 					reliability and/or usefulness of any <br />					content available through the WiFi System and (2) all 					communications that you send or receive via the WiFi System. 					Provider does not undertake the security <br />					of any data you send through the WiFi System and it is your 					responsibility to secure such data. <br />					Acceptable Use Policy <br />					All users of the WiFi System must comply with this 					Acceptable Use Policy (AUP). This AUP is intended to improve 					the use of the Internet by preventing <br />					unacceptable uses. Provider does not actively monitor the 					use of the WiFi System under normal circumstances. Similarly 					we do not exercise editorial control <br />					or review over the content of any Web site, electronic mail 					transmission, newsgroup or other material created or 					accessible over or through the WiFi <br />					System. However, we may remove, block, filter or restrict by 					any other means any materials that, in our sole discretion, 					may be illegal, may subject <br />					Provider to liability or may violate this AUP. Provider may 					cooperate with legal authorities and/or third parties in the 					investigation of any suspected or <br />					alleged crime or civil wrong. Violation of this AUP may 					result in the suspension or termination of either access to 					the WiFi System and/or your account or <br />					other actions as detailed below. <br />					The following constitute examples of violations of this AUP. 					You agree to not use the WiFi System to: <br />					(1) transmit any material (by uploading, posting, email or 					otherwise) that is unlawful, threatening, abusive, 					harassing, tortious, defamatory, obscene, <br />					libelous, invasive of another's privacy, hateful or 					racially, ethnically or otherwise objectionable; <br />					(2) harm, or attempt to harm, minors in any way; <br />					(3) impersonate any person or entity or falsely state or 					otherwise misrepresent your affiliation with a person or 					entity; forge headers or otherwise <br />					manipulate identifiers in order to disguise the origin of 					any material transmitted through the WiFi System; <br />					(4) transmit any material (by uploading, posting, email or 					otherwise) that you do not have a right to make available 					under any law or under contractual or <br />					fiduciary relationships (such as inside information, 					proprietary and confidential information learned or 					disclosed as part of employment relationships or <br />					under non-disclosure agreements); <br />					(5) transmit any material (by uploading, posting, email or 					otherwise) that infringes any patent, trademark, trade 					secret, copyright or other proprietary <br />					rights of any party; <br />					(6) transmit (by uploading, posting, email or otherwise) any 					unsolicited or unauthorized advertising, promotional 					materials, "junk mail," "spam," "chain <br />					letters," "pyramid schemes" or any other form of 					solicitation; <br />					(7) transmit any material (by uploading, posting, email or 					otherwise) that contains software viruses or any other 					computer code, files or programs designed <br />					to interrupt, destroy or limit the functionality of any 					computer software or hardware or telecommunications 					equipment; <br />					(8) disrupt the normal flow of dialogue, cause a screen to 					"scroll" faster than other users of the Service are able to 					type, or otherwise act in a manner <br />					that negatively affects other users' ability to engage in 					real time exchanges; <br />					(9) interfere with or disrupt the Service or servers or 					networks connected to the Service, or disobey any 					requirements, procedures, policies or regulations <br />					of networks connected to the Service; <br />					(10) intentionally or unintentionally violate any applicable 					local, state, national or international law, including, but 					not limited to, regulations <br />					promulgated by the U.S. Securities and Exchange Commission, 					any rules of any national or other securities exchange, 					including, without limitation, the New <br />					York Stock Exchange, the American Stock Exchange or the 					NASDAQ, and any regulations having the force of law; <br />					(11) "stalk" or otherwise harass another; or collect or 					store, or attempt to collect or store, personal data about 					third parties without their knowledge or <br />					consent; <br />					(12) resell the WiFi System without Provider's 					authorization; <br />					(13) use the WiFi System for high volume data transfers, 					especially sustained high volume data transfers, hosting a 					web server, IRC server, or any other <br />					server. <br />					Provider requests that anyone who believes that there is a 					violation of this AUP direct the information to (573) 					761-9000. If available, please provide the <br />					following information: (1) the IP address used to commit the 					alleged violation; (2) the date and time of the alleged 					violation, including the time zone; <br />					(3) evidence of the alleged violation; and (4) your contact 					details including full name, email address and telephone 					number . <br />					Termination <br />					You agree that Provider may terminate this Agreement and 					cancel your access to the WiFi System at any time, without 					notice and for any reason including, <br />					but not limited to violation of any of the terms and 					conditions of this Agreement, security or safety reasons, 					providing inaccurate registration <br />					information, and/or using the WiFi System to perform any 					illegal activity. You further agree that in the event of 					termination for any reason Provider will <br />					have no liability to you. <br />					Termination by Acceptable Usage <br />					From time to time Provider may impose reasonable rules and 					regulations regarding the use of its services. The rules 					under this paragraph are not exhaustive <br />					and Provider reserves the right to modify these. You agree 					to abide by these rules. Any violation to these rules may 					result in the suspension or <br />					termination of your service. Any unlisted activity may also 					be a violation of this rules if it illegal, irresponsible, 					or disruptive to the network. <br />					Indemnification <br />					You shall defend, indemnify and hold Provider and its 					corporate affiliates and their respective officers, 					directors, trustees, employees, contractors, <br />					agents, successors and assigns harmless from and against, 					and shall promptly reimburse them for, any and all losses, 					claims, damages, settlements, costs, <br />					and liabilities of any nature whatsoever (including 					reasonable attorneys' fees) to which any of them may become 					subject arising out of, based upon, as a <br />					result of, or in any way connected with, your use of the 					WiFi System or any breach of this Agreement. <br />					Entire Agreement, Applicable Law, Forum <br />					This Agreement constitutes the entire agreement between you 					and Provider with respect to the subject matter hereof. This 					Agreement shall be construed under <br />					the laws of the United States and the State of Missouri as 					applicable without giving effect to the principles of 					conflicts of law thereof. <br />					<br />						</p>					<ul>						<li>The wireless network service is provided by the property owners and is completely at their discretion. Your access to the network may be blocked, suspended, or terminated at any time for any reason.</li>						<li>You agree not to use the wireless network for any purpose that is unlawful and take full responbility of your acts.</li>						<li>The wireless network is provided &quot;as is&quot; without warranties of any kind, either expressed or implied. </li>					</ul>					</div>				</div>				<fieldset class="accept-tou">					<input id="accept-tou" type="checkbox" checked="checked" name="accept-tou" value="yes" />					<label class="normal" >I accept the <a href="javascript:void(0)" id="show-tou">					Jefferson City Area YMCA Wifi Usage Agreement</a></label>				</fieldset>				<div class="form-controls">					<!-- submit (only for no authentication) -->									</div>			</div>		</form>	</div></div><script type="text/javascript">$(function() { 	$('#tou').hide();	$('#show-tou').click(function() {		$('#tou').show();	});	$('#accept-tou').click(function() {		if (!$('#accept-tou').checked()) {			$('input.requires-tou').disable();		}		else {			$('input.requires-tou').enable();		}	})});</script></body></html>
Field[0(Server)] = [Apache-Coyote/1.1]
Field[1(Set-Cookie)] = [ec=5FyZqmh-gzt9ncXg3PyAwBSg1yu6fN-IKvxILMYigxyGegTKJVU0mEbbqaneKfjIuDoPVm4hOBWKoljP4wO5a-gLrcRuTfqBGP63rrRLWaTOEbKDOkji0230C1Zr1opIoRqLOdGBVoc8LEjpiQLRwTbSrt486U0JnNCDSyvR2Y4rvMkixlQ7CIeh-ENvDu7mtoZ3TPanBslG_Je62yOedg]
Field[2(Content-Type)] = [text/html]
Field[3(Transfer-Encoding)] = [chunked]
Field[4(Vary)] = [Accept-Encoding]
Field[5(Date)] = [Thu, 03 Oct 2013 22:46:01 GMT]
Field[6(X-Android-Sent-Millis)] = [1380840360139]
Field[7(X-Android-Received-Millis)] = [1380840360161]
Redirected to  [http://192.168.100.252:9880/guest/?id=40:0e:85:2b:0f:4c&ap=00:27:22:ce:74:dc&t=1380840357&url=http://mirrors.kernel.org/debian/pool/&ssid=JCYMCA_PUBLIC]
Switching to logging to file:/data/data/com.wifiafterconnect/files/192.168.100.252.log
Trying [http://mirrors.kernel.org/debian/pool/]
onLoad = []
Error:Unknown Captive portal
Read 25 lines:
<html><!--<?xml version="1.0" encoding="UTF-8"?>  <WISPAccessGatewayParam  xmlns:xsi="http://www.w3.org/2001/XMLSchema-instance"  xsi:noNamespaceSchemaLocation="http://hotspot.boingo.aero/xml/WISPAccessGatewayParam.xsd">    <Redirect>	<AccessProcedure>1.0</AccessProcedure>	<AccessLocation></AccessLocation>	<LocationName></LocationName>	<LoginURL>http://hotspot.boingo.aero/login?target=xml</LoginURL>	<MessageType>100</MessageType>	<ResponseCode>0</ResponseCode>    </Redirect>  </WISPAccessGatewayParam>--><head><title>...</title><meta http-equiv="refresh" content="0; url=http://guestlogin.target.com/pre_login.php?ip=10.23.175.33"><meta http-equiv="pragma" content="no-cache"><meta http-equiv="expires" content="-1"></head><body></body></html>
Field[0(Cache-Control)] = [no-cache]
Field[1(Content-Length)] = [773]
Field[2(Content-Type)] = [text/html]
Field[3(Date)] = [Thu, 03 Oct 2013 22:58:39 GMT]
Field[4(Expires)] = [0]
Field[5(X-Android-Sent-Millis)] = [1380841117903]
Field[6(X-Android-Received-Millis)] = [1380841117972]
Success
Trying [http://mirrors.kernel.org/debian/pool/]
onLoad = []
Error:Unknown Captive portal
Read 25 lines:
<html><!--<?xml version="1.0" encoding="UTF-8"?>  <WISPAccessGatewayParam  xmlns:xsi="http://www.w3.org/2001/XMLSchema-instance"  xsi:noNamespaceSchemaLocation="http://hotspot.boingo.aero/xml/WISPAccessGatewayParam.xsd">    <Redirect>	<AccessProcedure>1.0</AccessProcedure>	<AccessLocation></AccessLocation>	<LocationName></LocationName>	<LoginURL>http://hotspot.boingo.aero/login?target=xml</LoginURL>	<MessageType>100</MessageType>	<ResponseCode>0</ResponseCode>    </Redirect>  </WISPAccessGatewayParam>--><head><title>...</title><meta http-equiv="refresh" content="0; url=http://guestlogin.target.com/pre_login.php?ip=10.23.175.33"><meta http-equiv="pragma" content="no-cache"><meta http-equiv="expires" content="-1"></head><body></body></html>
Field[0(Cache-Control)] = [no-cache]
Field[1(Content-Length)] = [773]
Field[2(Content-Type)] = [text/html]
Field[3(Date)] = [Thu, 03 Oct 2013 22:58:40 GMT]
Field[4(Expires)] = [0]
Field[5(X-Android-Sent-Millis)] = [1380841118707]
Field[6(X-Android-Received-Millis)] = [1380841118943]
Success
Trying [http://mirrors.kernel.org/debian/pool/]
onLoad = [document.forms[0].submit();]
Read 11 lines:
<HTML><TITLE></TITLE><BODY onLoad="document.forms[0].submit();"><FORM METHOD="POST" ACTION="/login"><INPUT TYPE="HIDDEN" NAME="AP_MAC" VALUE="0003520A614F"><INPUT TYPE="HIDDEN" NAME="CLIENT_IP" VALUE="10.0.0.184"><INPUT TYPE="HIDDEN" NAME="CLIENT_MAC" VALUE="40-0E-85-2B-0F-4C"><INPUT TYPE="HIDDEN" NAME="loginURL" VALUE="https://portals.wanderingwifi.com:8090/goform/HtmlLoginRequest"><INPUT TYPE="HIDDEN" NAME="P_H_" VALUE="1"></BODY></HTML>
Field[0(Server)] = [PowerTeamJavaServer]
Field[1(Date)] = [Thu, 03 Oct 2013 23:02:56 GMT]
Field[2(Content-type)] = [text/html]
Field[3(Content-length)] = [465]
Field[4(Connection)] = [close]
Field[5(X-Android-Sent-Millis)] = [1380841373272]
Field[6(X-Android-Received-Millis)] = [1380841374672]
Redirected to  [http://paneralogin57.wanderingwifi.com/login?AP_MAC=0003520A614F&CLIENT_IP=10.0.0.184&CLIENT_MAC=40-0E-85-2B-0F-4C&loginURL=https%3A%2F%2Fportals.wanderingwifi.com%3A8090%2Fgoform%2FHtmlLoginRequest]
Switching to logging to file:/data/data/com.wifiafterconnect/files/paneralogin57.wanderingwifi.com.log
Trying [http://mirrors.kernel.org/debian/pool/]
onLoad = [document.forms[0].submit();]
Read 11 lines:
<HTML><TITLE></TITLE><BODY onLoad="document.forms[0].submit();"><FORM METHOD="POST" ACTION="/login"><INPUT TYPE="HIDDEN" NAME="AP_MAC" VALUE="0003520A614F"><INPUT TYPE="HIDDEN" NAME="CLIENT_IP" VALUE="10.0.0.184"><INPUT TYPE="HIDDEN" NAME="CLIENT_MAC" VALUE="40-0E-85-2B-0F-4C"><INPUT TYPE="HIDDEN" NAME="loginURL" VALUE="https://portals.wanderingwifi.com:8090/goform/HtmlLoginRequest"><INPUT TYPE="HIDDEN" NAME="P_H_" VALUE="1"></BODY></HTML>
Field[0(Server)] = [PowerTeamJavaServer]
Field[1(Date)] = [Thu, 03 Oct 2013 23:08:21 GMT]
Field[2(Content-type)] = [text/html]
Field[3(Content-length)] = [465]
Field[4(Connection)] = [close]
Field[5(X-Android-Sent-Millis)] = [1380841699638]
Field[6(X-Android-Received-Millis)] = [1380841699727]
Redirected to  [http://paneralogin57.wanderingwifi.com/login?AP_MAC=0003520A614F&CLIENT_IP=10.0.0.184&CLIENT_MAC=40-0E-85-2B-0F-4C&loginURL=https%3A%2F%2Fportals.wanderingwifi.com%3A8090%2Fgoform%2FHtmlLoginRequest]
Switching to logging to file:/data/data/com.wifiafterconnect/files/paneralogin57.wanderingwifi.com.log
Trying [http://mirrors.kernel.org/debian/pool/]
onLoad = []
Error:Unknown Captive portal
Read 14 lines:
<!DOCTYPE HTML PUBLIC "-//W3C//DTD HTML 3.2 Final//EN"><html> <head>  <title>Index of /debian/pool</title> </head> <body><h1>Index of /debian/pool</h1><pre><a href="?C=N;O=D">Name</a>                    <a href="?C=M;O=A">Last modified</a>      <a href="?C=S;O=A">Size</a>  <hr><a href="/debian/">Parent Directory</a>                             -   <a href="contrib/">contrib/</a>                01-Jul-2012 02:28    -   <a href="main/">main/</a>                   09-Apr-2012 10:02    -   <a href="non-free/">non-free/</a>               30-Mar-2012 02:50    -   <hr></pre><address>Apache/2.2.15 (Red Hat) Server at mirrors.kernel.org Port 80</address></body></html>
Field[0(Date)] = [Thu, 03 Oct 2013 23:20:56 GMT]
Field[1(Server)] = [Apache/2.2.15 (Red Hat)]
Field[2(Content-Length)] = [681]
Field[3(Keep-Alive)] = [timeout=5, max=1000]
Field[4(Connection)] = [Keep-Alive]
Field[5(Content-Type)] = [text/html;charset=UTF-8]
Field[6(X-Android-Sent-Millis)] = [1380842455804]
Field[7(X-Android-Received-Millis)] = [1380842455900]
Success
Trying [http://mirrors.kernel.org/debian/pool/]
onLoad = []
Error:Unknown Captive portal
Read 14 lines:
<!DOCTYPE HTML PUBLIC "-//W3C//DTD HTML 3.2 Final//EN"><html> <head>  <title>Index of /debian/pool</title> </head> <body><h1>Index of /debian/pool</h1><pre><a href="?C=N;O=D">Name</a>                    <a href="?C=M;O=A">Last modified</a>      <a href="?C=S;O=A">Size</a>  <hr><a href="/debian/">Parent Directory</a>                             -   <a href="contrib/">contrib/</a>                01-Jul-2012 02:28    -   <a href="main/">main/</a>                   09-Apr-2012 10:02    -   <a href="non-free/">non-free/</a>               30-Mar-2012 02:50    -   <hr></pre><address>Apache/2.2.15 (Red Hat) Server at mirrors.kernel.org Port 80</address></body></html>
Field[0(Date)] = [Thu, 03 Oct 2013 23:20:57 GMT]
Field[1(Server)] = [Apache/2.2.15 (Red Hat)]
Field[2(Content-Length)] = [681]
Field[3(Keep-Alive)] = [timeout=5, max=999]
Field[4(Connection)] = [Keep-Alive]
Field[5(Content-Type)] = [text/html;charset=UTF-8]
Field[6(X-Android-Sent-Millis)] = [1380842456286]
Field[7(X-Android-Received-Millis)] = [1380842456392]
Success
Trying [http://mirrors.kernel.org/debian/pool/]
onLoad = []
Error:Unknown Captive portal
Read 14 lines:
<!DOCTYPE HTML PUBLIC "-//W3C//DTD HTML 3.2 Final//EN"><html> <head>  <title>Index of /debian/pool</title> </head> <body><h1>Index of /debian/pool</h1><pre><a href="?C=N;O=D">Name</a>                    <a href="?C=M;O=A">Last modified</a>      <a href="?C=S;O=A">Size</a>  <hr><a href="/debian/">Parent Directory</a>                             -   <a href="contrib/">contrib/</a>                01-Jul-2012 02:28    -   <a href="main/">main/</a>                   09-Apr-2012 10:02    -   <a href="non-free/">non-free/</a>               30-Mar-2012 02:50    -   <hr></pre><address>Apache/2.2.15 (Red Hat) Server at mirrors.kernel.org Port 80</address></body></html>
Field[0(Date)] = [Fri, 04 Oct 2013 04:56:51 GMT]
Field[1(Server)] = [Apache/2.2.15 (Red Hat)]
Field[2(Content-Length)] = [681]
Field[3(Keep-Alive)] = [timeout=5, max=1000]
Field[4(Connection)] = [Keep-Alive]
Field[5(Content-Type)] = [text/html;charset=UTF-8]
Field[6(X-Android-Sent-Millis)] = [1380862610154]
Field[7(X-Android-Received-Millis)] = [1380862610291]
Success
Trying [http://mirrors.kernel.org/debian/pool/]
onLoad = []
Error:Unknown Captive portal
Read 14 lines:
<!DOCTYPE HTML PUBLIC "-//W3C//DTD HTML 3.2 Final//EN"><html> <head>  <title>Index of /debian/pool</title> </head> <body><h1>Index of /debian/pool</h1><pre><a href="?C=N;O=D">Name</a>                    <a href="?C=M;O=A">Last modified</a>      <a href="?C=S;O=A">Size</a>  <hr><a href="/debian/">Parent Directory</a>                             -   <a href="contrib/">contrib/</a>                01-Jul-2012 02:28    -   <a href="main/">main/</a>                   09-Apr-2012 10:02    -   <a href="non-free/">non-free/</a>               30-Mar-2012 02:50    -   <hr></pre><address>Apache/2.2.15 (Red Hat) Server at mirrors.kernel.org Port 80</address></body></html>
Field[0(Date)] = [Fri, 04 Oct 2013 04:56:51 GMT]
Field[1(Server)] = [Apache/2.2.15 (Red Hat)]
Field[2(Content-Length)] = [681]
Field[3(Keep-Alive)] = [timeout=5, max=999]
Field[4(Connection)] = [Keep-Alive]
Field[5(Content-Type)] = [text/html;charset=UTF-8]
Field[6(X-Android-Sent-Millis)] = [1380862610673]
Field[7(X-Android-Received-Millis)] = [1380862610824]
Success
Trying [http://mirrors.kernel.org/debian/pool/]
onLoad = []
Error:Unknown Captive portal
Read 14 lines:
<!DOCTYPE HTML PUBLIC "-//W3C//DTD HTML 3.2 Final//EN"><html> <head>  <title>Index of /debian/pool</title> </head> <body><h1>Index of /debian/pool</h1><pre><a href="?C=N;O=D">Name</a>                    <a href="?C=M;O=A">Last modified</a>      <a href="?C=S;O=A">Size</a>  <hr><a href="/debian/">Parent Directory</a>                             -   <a href="contrib/">contrib/</a>                01-Jul-2012 02:28    -   <a href="main/">main/</a>                   09-Apr-2012 10:02    -   <a href="non-free/">non-free/</a>               30-Mar-2012 02:50    -   <hr></pre><address>Apache/2.2.15 (Red Hat) Server at mirrors.kernel.org Port 80</address></body></html>
Field[0(Date)] = [Fri, 04 Oct 2013 05:47:05 GMT]
Field[1(Server)] = [Apache/2.2.15 (Red Hat)]
Field[2(Content-Length)] = [681]
Field[3(Keep-Alive)] = [timeout=5, max=1000]
Field[4(Connection)] = [Keep-Alive]
Field[5(Content-Type)] = [text/html;charset=UTF-8]
Field[6(X-Android-Sent-Millis)] = [1380865623950]
Field[7(X-Android-Received-Millis)] = [1380865624043]
Success
Trying [http://mirrors.kernel.org/debian/pool/]
onLoad = []
Error:Unknown Captive portal
Read 14 lines:
<!DOCTYPE HTML PUBLIC "-//W3C//DTD HTML 3.2 Final//EN"><html> <head>  <title>Index of /debian/pool</title> </head> <body><h1>Index of /debian/pool</h1><pre><a href="?C=N;O=D">Name</a>                    <a href="?C=M;O=A">Last modified</a>      <a href="?C=S;O=A">Size</a>  <hr><a href="/debian/">Parent Directory</a>                             -   <a href="contrib/">contrib/</a>                01-Jul-2012 02:28    -   <a href="main/">main/</a>                   09-Apr-2012 10:02    -   <a href="non-free/">non-free/</a>               30-Mar-2012 02:50    -   <hr></pre><address>Apache/2.2.15 (Red Hat) Server at mirrors.kernel.org Port 80</address></body></html>
Field[0(Date)] = [Fri, 04 Oct 2013 06:45:24 GMT]
Field[1(Server)] = [Apache/2.2.15 (Red Hat)]
Field[2(Content-Length)] = [681]
Field[3(Keep-Alive)] = [timeout=5, max=1000]
Field[4(Connection)] = [Keep-Alive]
Field[5(Content-Type)] = [text/html;charset=UTF-8]
Field[6(X-Android-Sent-Millis)] = [1380869123192]
Field[7(X-Android-Received-Millis)] = [1380869123331]
Success
Trying [http://mirrors.kernel.org/debian/pool/]
onLoad = []
Error:Unknown Captive portal
Read 14 lines:
<!DOCTYPE HTML PUBLIC "-//W3C//DTD HTML 3.2 Final//EN"><html> <head>  <title>Index of /debian/pool</title> </head> <body><h1>Index of /debian/pool</h1><pre><a href="?C=N;O=D">Name</a>                    <a href="?C=M;O=A">Last modified</a>      <a href="?C=S;O=A">Size</a>  <hr><a href="/debian/">Parent Directory</a>                             -   <a href="contrib/">contrib/</a>                01-Jul-2012 02:28    -   <a href="main/">main/</a>                   09-Apr-2012 10:02    -   <a href="non-free/">non-free/</a>               30-Mar-2012 02:50    -   <hr></pre><address>Apache/2.2.15 (Red Hat) Server at mirrors.kernel.org Port 80</address></body></html>
Field[0(Date)] = [Fri, 04 Oct 2013 07:48:05 GMT]
Field[1(Server)] = [Apache/2.2.15 (Red Hat)]
Field[2(Content-Length)] = [681]
Field[3(Keep-Alive)] = [timeout=5, max=1000]
Field[4(Connection)] = [Keep-Alive]
Field[5(Content-Type)] = [text/html;charset=UTF-8]
Field[6(X-Android-Sent-Millis)] = [1380872884601]
Field[7(X-Android-Received-Millis)] = [1380872884706]
Success
Trying [http://mirrors.kernel.org/debian/pool/]
onLoad = []
Error:Unknown Captive portal
Read 14 lines:
<!DOCTYPE HTML PUBLIC "-//W3C//DTD HTML 3.2 Final//EN"><html> <head>  <title>Index of /debian/pool</title> </head> <body><h1>Index of /debian/pool</h1><pre><a href="?C=N;O=D">Name</a>                    <a href="?C=M;O=A">Last modified</a>      <a href="?C=S;O=A">Size</a>  <hr><a href="/debian/">Parent Directory</a>                             -   <a href="contrib/">contrib/</a>                01-Jul-2012 02:28    -   <a href="main/">main/</a>                   09-Apr-2012 10:02    -   <a href="non-free/">non-free/</a>               30-Mar-2012 02:50    -   <hr></pre><address>Apache/2.2.15 (Red Hat) Server at mirrors.kernel.org Port 80</address></body></html>
Field[0(Date)] = [Fri, 04 Oct 2013 08:48:25 GMT]
Field[1(Server)] = [Apache/2.2.15 (Red Hat)]
Field[2(Content-Length)] = [681]
Field[3(Keep-Alive)] = [timeout=5, max=1000]
Field[4(Connection)] = [Keep-Alive]
Field[5(Content-Type)] = [text/html;charset=UTF-8]
Field[6(X-Android-Sent-Millis)] = [1380876503732]
Field[7(X-Android-Received-Millis)] = [1380876503837]
Success
Trying [http://mirrors.kernel.org/debian/pool/]
onLoad = []
Error:Unknown Captive portal
Read 14 lines:
<!DOCTYPE HTML PUBLIC "-//W3C//DTD HTML 3.2 Final//EN"><html> <head>  <title>Index of /debian/pool</title> </head> <body><h1>Index of /debian/pool</h1><pre><a href="?C=N;O=D">Name</a>                    <a href="?C=M;O=A">Last modified</a>      <a href="?C=S;O=A">Size</a>  <hr><a href="/debian/">Parent Directory</a>                             -   <a href="contrib/">contrib/</a>                01-Jul-2012 02:28    -   <a href="main/">main/</a>                   09-Apr-2012 10:02    -   <a href="non-free/">non-free/</a>               30-Mar-2012 02:50    -   <hr></pre><address>Apache/2.2.15 (Red Hat) Server at mirrors.kernel.org Port 80</address></body></html>
Field[0(Date)] = [Fri, 04 Oct 2013 10:49:06 GMT]
Field[1(Server)] = [Apache/2.2.15 (Red Hat)]
Field[2(Content-Length)] = [681]
Field[3(Keep-Alive)] = [timeout=5, max=1000]
Field[4(Connection)] = [Keep-Alive]
Field[5(Content-Type)] = [text/html;charset=UTF-8]
Field[6(X-Android-Sent-Millis)] = [1380883745632]
Field[7(X-Android-Received-Millis)] = [1380883745764]
Success
Trying [http://mirrors.kernel.org/debian/pool/]
onLoad = []
Error:Unknown Captive portal
Read 14 lines:
<!DOCTYPE HTML PUBLIC "-//W3C//DTD HTML 3.2 Final//EN"><html> <head>  <title>Index of /debian/pool</title> </head> <body><h1>Index of /debian/pool</h1><pre><a href="?C=N;O=D">Name</a>                    <a href="?C=M;O=A">Last modified</a>      <a href="?C=S;O=A">Size</a>  <hr><a href="/debian/">Parent Directory</a>                             -   <a href="contrib/">contrib/</a>                01-Jul-2012 02:28    -   <a href="main/">main/</a>                   09-Apr-2012 10:02    -   <a href="non-free/">non-free/</a>               30-Mar-2012 02:50    -   <hr></pre><address>Apache/2.2.15 (Red Hat) Server at mirrors.kernel.org Port 80</address></body></html>
Field[0(Date)] = [Fri, 04 Oct 2013 13:04:28 GMT]
Field[1(Server)] = [Apache/2.2.15 (Red Hat)]
Field[2(Content-Length)] = [681]
Field[3(Keep-Alive)] = [timeout=5, max=1000]
Field[4(Connection)] = [Keep-Alive]
Field[5(Content-Type)] = [text/html;charset=UTF-8]
Field[6(X-Android-Sent-Millis)] = [1380891867398]
Field[7(X-Android-Received-Millis)] = [1380891867498]
Success
Trying [http://mirrors.kernel.org/debian/pool/]
onLoad = []
Error:Unknown Captive portal
Read 1 lines:
<HTML><HEAD><TITLE> Web Authentication Redirect</TITLE><META http-equiv="Cache-control" content="no-cache"><META http-equiv="Pragma" content="no-cache"><META http-equiv="Expires" content="-1"><META http-equiv="refresh" content="1; URL=https://www.wlc.oa.mo.gov/login.html?redirect=mirrors.kernel.org/debian/pool/"></HEAD></HTML>
Field[0(Location)] = [https://www.wlc.oa.mo.gov/login.html?redirect=mirrors.kernel.org/debian/pool/]
Field[1(Content-Type)] = [text/html]
Field[2(Content-Length)] = [330]
Field[3(X-Android-Sent-Millis)] = [1380894946967]
Field[4(X-Android-Received-Millis)] = [1380894946989]
Redirected to  [https://www.wlc.oa.mo.gov/login.html?redirect=mirrors.kernel.org/debian/pool/] have to handle explicitly
Switching to logging to file:/data/data/com.wifiafterconnect/files/www.wlc.oa.mo.gov.log
Trying [http://mirrors.kernel.org/debian/pool/]
onLoad = []
Error:Unknown Captive portal
Read 14 lines:
<!DOCTYPE HTML PUBLIC "-//W3C//DTD HTML 3.2 Final//EN"><html> <head>  <title>Index of /debian/pool</title> </head> <body><h1>Index of /debian/pool</h1><pre><a href="?C=N;O=D">Name</a>                    <a href="?C=M;O=A">Last modified</a>      <a href="?C=S;O=A">Size</a>  <hr><a href="/debian/">Parent Directory</a>                             -   <a href="contrib/">contrib/</a>                01-Jul-2012 02:28    -   <a href="main/">main/</a>                   09-Apr-2012 10:02    -   <a href="non-free/">non-free/</a>               30-Mar-2012 02:50    -   <hr></pre><address>Apache/2.2.15 (Red Hat) Server at mirrors.kernel.org Port 80</address></body></html>
Field[0(Date)] = [Fri, 04 Oct 2013 13:55:53 GMT]
Field[1(Server)] = [Apache/2.2.15 (Red Hat)]
Field[2(Content-Length)] = [681]
Field[3(Keep-Alive)] = [timeout=5, max=999]
Field[4(Connection)] = [Keep-Alive]
Field[5(Content-Type)] = [text/html;charset=UTF-8]
Field[6(X-Android-Sent-Millis)] = [1380894950442]
Field[7(X-Android-Received-Millis)] = [1380894950994]
Success
Trying [http://mirrors.kernel.org/debian/pool/]
onLoad = []
Error:Unknown Captive portal
Read 14 lines:
<!DOCTYPE HTML PUBLIC "-//W3C//DTD HTML 3.2 Final//EN"><html> <head>  <title>Index of /debian/pool</title> </head> <body><h1>Index of /debian/pool</h1><pre><a href="?C=N;O=D">Name</a>                    <a href="?C=M;O=A">Last modified</a>      <a href="?C=S;O=A">Size</a>  <hr><a href="/debian/">Parent Directory</a>                             -   <a href="contrib/">contrib/</a>                01-Jul-2012 02:28    -   <a href="main/">main/</a>                   09-Apr-2012 10:02    -   <a href="non-free/">non-free/</a>               30-Mar-2012 02:50    -   <hr></pre><address>Apache/2.2.15 (Red Hat) Server at mirrors.kernel.org Port 80</address></body></html>
Field[0(Date)] = [Fri, 04 Oct 2013 13:56:26 GMT]
Field[1(Server)] = [Apache/2.2.15 (Red Hat)]
Field[2(Content-Length)] = [681]
Field[3(Keep-Alive)] = [timeout=5, max=1000]
Field[4(Connection)] = [Keep-Alive]
Field[5(Content-Type)] = [text/html;charset=UTF-8]
Field[6(X-Android-Sent-Millis)] = [1380894984568]
Field[7(X-Android-Received-Millis)] = [1380894985615]
Success
Trying [http://mirrors.kernel.org/debian/pool/]
onLoad = []
Error:Unknown Captive portal
Read 14 lines:
<!DOCTYPE HTML PUBLIC "-//W3C//DTD HTML 3.2 Final//EN"><html> <head>  <title>Index of /debian/pool</title> </head> <body><h1>Index of /debian/pool</h1><pre><a href="?C=N;O=D">Name</a>                    <a href="?C=M;O=A">Last modified</a>      <a href="?C=S;O=A">Size</a>  <hr><a href="/debian/">Parent Directory</a>                             -   <a href="contrib/">contrib/</a>                01-Jul-2012 02:28    -   <a href="main/">main/</a>                   09-Apr-2012 10:02    -   <a href="non-free/">non-free/</a>               30-Mar-2012 02:50    -   <hr></pre><address>Apache/2.2.15 (Red Hat) Server at mirrors.kernel.org Port 80</address></body></html>
Field[0(Date)] = [Fri, 04 Oct 2013 13:56:27 GMT]
Field[1(Server)] = [Apache/2.2.15 (Red Hat)]
Field[2(Content-Length)] = [681]
Field[3(Keep-Alive)] = [timeout=5, max=999]
Field[4(Connection)] = [Keep-Alive]
Field[5(Content-Type)] = [text/html;charset=UTF-8]
Field[6(X-Android-Sent-Millis)] = [1380894985706]
Field[7(X-Android-Received-Millis)] = [1380894985810]
Success
Trying [http://mirrors.kernel.org/debian/pool/]
onLoad = []
Error:Unknown Captive portal
Read 14 lines:
<!DOCTYPE HTML PUBLIC "-//W3C//DTD HTML 3.2 Final//EN"><html> <head>  <title>Index of /debian/pool</title> </head> <body><h1>Index of /debian/pool</h1><pre><a href="?C=N;O=D">Name</a>                    <a href="?C=M;O=A">Last modified</a>      <a href="?C=S;O=A">Size</a>  <hr><a href="/debian/">Parent Directory</a>                             -   <a href="contrib/">contrib/</a>                01-Jul-2012 02:28    -   <a href="main/">main/</a>                   09-Apr-2012 10:02    -   <a href="non-free/">non-free/</a>               30-Mar-2012 02:50    -   <hr></pre><address>Apache/2.2.15 (Red Hat) Server at mirrors.kernel.org Port 80</address></body></html>
Field[0(Date)] = [Fri, 04 Oct 2013 14:48:57 GMT]
Field[1(Server)] = [Apache/2.2.15 (Red Hat)]
Field[2(Content-Length)] = [681]
Field[3(Keep-Alive)] = [timeout=5, max=1000]
Field[4(Connection)] = [Keep-Alive]
Field[5(Content-Type)] = [text/html;charset=UTF-8]
Field[6(X-Android-Sent-Millis)] = [1380898135454]
Field[7(X-Android-Received-Millis)] = [1380898135646]
Success
Trying [http://mirrors.kernel.org/debian/pool/]
onLoad = []
Error:Unknown Captive portal
Read 14 lines:
<!DOCTYPE HTML PUBLIC "-//W3C//DTD HTML 3.2 Final//EN"><html> <head>  <title>Index of /debian/pool</title> </head> <body><h1>Index of /debian/pool</h1><pre><a href="?C=N;O=D">Name</a>                    <a href="?C=M;O=A">Last modified</a>      <a href="?C=S;O=A">Size</a>  <hr><a href="/debian/">Parent Directory</a>                             -   <a href="contrib/">contrib/</a>                01-Jul-2012 02:28    -   <a href="main/">main/</a>                   09-Apr-2012 10:02    -   <a href="non-free/">non-free/</a>               30-Mar-2012 02:50    -   <hr></pre><address>Apache/2.2.15 (Red Hat) Server at mirrors.kernel.org Port 80</address></body></html>
Field[0(Date)] = [Fri, 04 Oct 2013 15:28:41 GMT]
Field[1(Server)] = [Apache/2.2.15 (Red Hat)]
Field[2(Content-Length)] = [681]
Field[3(Keep-Alive)] = [timeout=5, max=1000]
Field[4(Connection)] = [Keep-Alive]
Field[5(Content-Type)] = [text/html;charset=UTF-8]
Field[6(X-Android-Sent-Millis)] = [1380900520205]
Field[7(X-Android-Received-Millis)] = [1380900520288]
Success
Trying [http://mirrors.kernel.org/debian/pool/]
onLoad = []
Error:Unknown Captive portal
Read 14 lines:
<!DOCTYPE HTML PUBLIC "-//W3C//DTD HTML 3.2 Final//EN"><html> <head>  <title>Index of /debian/pool</title> </head> <body><h1>Index of /debian/pool</h1><pre><a href="?C=N;O=D">Name</a>                    <a href="?C=M;O=A">Last modified</a>      <a href="?C=S;O=A">Size</a>  <hr><a href="/debian/">Parent Directory</a>                             -   <a href="contrib/">contrib/</a>                01-Jul-2012 02:28    -   <a href="main/">main/</a>                   09-Apr-2012 10:02    -   <a href="non-free/">non-free/</a>               30-Mar-2012 02:50    -   <hr></pre><address>Apache/2.2.15 (Red Hat) Server at mirrors.kernel.org Port 80</address></body></html>
Field[0(Date)] = [Fri, 04 Oct 2013 16:20:06 GMT]
Field[1(Server)] = [Apache/2.2.15 (Red Hat)]
Field[2(Content-Length)] = [681]
Field[3(Keep-Alive)] = [timeout=5, max=1000]
Field[4(Connection)] = [Keep-Alive]
Field[5(Content-Type)] = [text/html;charset=UTF-8]
Field[6(X-Android-Sent-Millis)] = [1380903603868]
Field[7(X-Android-Received-Millis)] = [1380903603971]
Success
Trying [http://mirrors.kernel.org/debian/pool/]
onLoad = []
Error:Unknown Captive portal
Read 14 lines:
<!DOCTYPE HTML PUBLIC "-//W3C//DTD HTML 3.2 Final//EN"><html> <head>  <title>Index of /debian/pool</title> </head> <body><h1>Index of /debian/pool</h1><pre><a href="?C=N;O=D">Name</a>                    <a href="?C=M;O=A">Last modified</a>      <a href="?C=S;O=A">Size</a>  <hr><a href="/debian/">Parent Directory</a>                             -   <a href="contrib/">contrib/</a>                01-Jul-2012 02:28    -   <a href="main/">main/</a>                   09-Apr-2012 10:02    -   <a href="non-free/">non-free/</a>               30-Mar-2012 02:50    -   <hr></pre><address>Apache/2.2.15 (Red Hat) Server at mirrors.kernel.org Port 80</address></body></html>
Field[0(Date)] = [Fri, 04 Oct 2013 17:34:34 GMT]
Field[1(Server)] = [Apache/2.2.15 (Red Hat)]
Field[2(Content-Length)] = [681]
Field[3(Keep-Alive)] = [timeout=5, max=1000]
Field[4(Connection)] = [Keep-Alive]
Field[5(Content-Type)] = [text/html;charset=UTF-8]
Field[6(X-Android-Sent-Millis)] = [1380908072174]
Field[7(X-Android-Received-Millis)] = [1380908072275]
Success
Trying [http://mirrors.kernel.org/debian/pool/]
onLoad = []
Error:Unknown Captive portal
Read 14 lines:
<!DOCTYPE HTML PUBLIC "-//W3C//DTD HTML 3.2 Final//EN"><html> <head>  <title>Index of /debian/pool</title> </head> <body><h1>Index of /debian/pool</h1><pre><a href="?C=N;O=D">Name</a>                    <a href="?C=M;O=A">Last modified</a>      <a href="?C=S;O=A">Size</a>  <hr><a href="/debian/">Parent Directory</a>                             -   <a href="contrib/">contrib/</a>                01-Jul-2012 02:28    -   <a href="main/">main/</a>                   09-Apr-2012 10:02    -   <a href="non-free/">non-free/</a>               30-Mar-2012 02:50    -   <hr></pre><address>Apache/2.2.15 (Red Hat) Server at mirrors.kernel.org Port 80</address></body></html>
Field[0(Date)] = [Fri, 04 Oct 2013 17:34:34 GMT]
Field[1(Server)] = [Apache/2.2.15 (Red Hat)]
Field[2(Content-Length)] = [681]
Field[3(Keep-Alive)] = [timeout=5, max=999]
Field[4(Connection)] = [Keep-Alive]
Field[5(Content-Type)] = [text/html;charset=UTF-8]
Field[6(X-Android-Sent-Millis)] = [1380908072556]
Field[7(X-Android-Received-Millis)] = [1380908072676]
Success
Trying [http://mirrors.kernel.org/debian/pool/]
onLoad = []
Error:Unknown Captive portal
Read 1 lines:
<HTML><HEAD><TITLE> Web Authentication Redirect</TITLE><META http-equiv="Cache-control" content="no-cache"><META http-equiv="Pragma" content="no-cache"><META http-equiv="Expires" content="-1"><META http-equiv="refresh" content="1; URL=https://www.wlc.oa.mo.gov/login.html?redirect=mirrors.kernel.org/debian/pool/"></HEAD></HTML>
Field[0(Location)] = [https://www.wlc.oa.mo.gov/login.html?redirect=mirrors.kernel.org/debian/pool/]
Field[1(Content-Type)] = [text/html]
Field[2(Content-Length)] = [330]
Field[3(X-Android-Sent-Millis)] = [1380912098174]
Field[4(X-Android-Received-Millis)] = [1380912098179]
Redirected to  [https://www.wlc.oa.mo.gov/login.html?redirect=mirrors.kernel.org/debian/pool/] have to handle explicitly
Switching to logging to file:/data/data/com.wifiafterconnect/files/www.wlc.oa.mo.gov.log
Trying [http://mirrors.kernel.org/debian/pool/]
onLoad = []
Error:Unknown Captive portal
Read 14 lines:
<!DOCTYPE HTML PUBLIC "-//W3C//DTD HTML 3.2 Final//EN"><html> <head>  <title>Index of /debian/pool</title> </head> <body><h1>Index of /debian/pool</h1><pre><a href="?C=N;O=D">Name</a>                    <a href="?C=M;O=A">Last modified</a>      <a href="?C=S;O=A">Size</a>  <hr><a href="/debian/">Parent Directory</a>                             -   <a href="contrib/">contrib/</a>                01-Jul-2012 02:28    -   <a href="main/">main/</a>                   09-Apr-2012 10:02    -   <a href="non-free/">non-free/</a>               30-Mar-2012 02:50    -   <hr></pre><address>Apache/2.2.15 (Red Hat) Server at mirrors.kernel.org Port 80</address></body></html>
Field[0(Date)] = [Fri, 04 Oct 2013 18:41:40 GMT]
Field[1(Server)] = [Apache/2.2.15 (Red Hat)]
Field[2(Content-Length)] = [681]
Field[3(Keep-Alive)] = [timeout=5, max=999]
Field[4(Connection)] = [Keep-Alive]
Field[5(Content-Type)] = [text/html;charset=UTF-8]
Field[6(X-Android-Sent-Millis)] = [1380912099325]
Field[7(X-Android-Received-Millis)] = [1380912099416]
Success
Trying [http://mirrors.kernel.org/debian/pool/]
onLoad = []
Error:Unknown Captive portal
Read 14 lines:
<!DOCTYPE HTML PUBLIC "-//W3C//DTD HTML 3.2 Final//EN"><html> <head>  <title>Index of /debian/pool</title> </head> <body><h1>Index of /debian/pool</h1><pre><a href="?C=N;O=D">Name</a>                    <a href="?C=M;O=A">Last modified</a>      <a href="?C=S;O=A">Size</a>  <hr><a href="/debian/">Parent Directory</a>                             -   <a href="contrib/">contrib/</a>                01-Jul-2012 02:28    -   <a href="main/">main/</a>                   09-Apr-2012 10:02    -   <a href="non-free/">non-free/</a>               30-Mar-2012 02:50    -   <hr></pre><address>Apache/2.2.15 (Red Hat) Server at mirrors.kernel.org Port 80</address></body></html>
Field[0(Date)] = [Fri, 04 Oct 2013 18:55:55 GMT]
Field[1(Server)] = [Apache/2.2.15 (Red Hat)]
Field[2(Content-Length)] = [681]
Field[3(Keep-Alive)] = [timeout=5, max=1000]
Field[4(Connection)] = [Keep-Alive]
Field[5(Content-Type)] = [text/html;charset=UTF-8]
Field[6(X-Android-Sent-Millis)] = [1380912953772]
Field[7(X-Android-Received-Millis)] = [1380912953943]
Success
