protocol has changed!
Trying [https://www.wlc.oa.mo.gov/login.html?redirect=mirrors.kernel.org/debian/pool/]
onLoad = [unhideform();]
Detected Captive portal com.wifiafterconnect.handlers.CiscoHandler@42696cc8
Read 156 lines:
<html><head><title>Web Authentication</title><meta http-equiv="Cache-control" content="no-cache"><meta http-equiv="Pragma" content="no-cache"><meta http-equiv="Expires" content="-1"><meta http-equiv="Content-Type" content="text/html; charset=iso-8859-1"><style><!--DIV.sidebar {    RIGHT: 0px;    POSITION: absolute;    TOP: -1px;    HEIGHT: 100%;    width: 200;}DIV.graybar {    RIGHT: 0px; POSITION: absolute; TOP: 0px; HEIGHT: 100%; BACKGROUND-COLOR: #f8f8f8}/* background not be shown for NEC */DIV.header {    BACKGROUND-POSITION: right 50%; LEFT: 0px; BACKGROUND-IMAGE:  url(images/background_web41.jpg); WIDTH: 100%; BACKGROUND-REPEAT: repeat; POSITION: absolute; TOP: 0px; HEIGHT: 52px; BACKGROUND-COLOR: #FFFFFF}DIV.content {    LEFT: 14px; MARGIN: 15px; POSITION: absolute; TOP: 60px}H1 {    FONT-WEIGHT: bold; FONT-SIZE: 19px; MARGIN: 16px 0px 0px 25px; COLOR: #ffffff; FONT-FAMILY: Tahoma, Arial, Helvetica, sans-serif}H2 {    FONT-WEIGHT: bold; FONT-SIZE: 15px; MARGIN: 10px 0px 0px 10px; COLOR: #336666; FONT-FAMILY: Arial, Helvetica, sans-serif}INPUT {    FONT-SIZE: 12px; FONT-FAMILY: Arial, Helvetica, sans-serif}INPUT.button {    MARGIN-TOP: 10px; FONT-WEIGHT: bold; WIDTH: 80px; COLOR: #ffffff; BACKGROUND-COLOR: #669999}P {    FONT-SIZE: 12px; MARGIN: 0px 0px 10px; COLOR: #001133; FONT-FAMILY: Arial, Helvetica, sans-serif}TD {    FONT-WEIGHT: bold; FONT-SIZE: 12px; COLOR: #336666; FONT-FAMILY: Arial, Helvetica, sans-serif}TD.message {    FONT-WEIGHT: normal; COLOR: #000000}--></STYLE><noscript><meta HTTP-EQUIV="REFRESH" content="0; url=https://www.wlc.oa.mo.gov/login_noscript.html"></noscript><script language="javascript" src="/loginscript.js"></script><script>function getErrorMsgIfAny(){ if(document.forms[0].err_flag.value == 1){    document.writeln(' \     <tr align="center"> <td colspan="2" style="color:#CC0000">Login Error.</td>\     </tr><tr align="center"> <td width="350" class="message" colspan="2">The User Name and Password combination you have entered is invalid. Please try again.</td></tr>\    <tr> <td class="caption" colspan="2">&nbsp;</td></tr>'); }else{   document.writeln(' '); }}function unhideform(){     document.getElementById("formId").style.display = "block";}</script></head><body bgcolor="#ffffff" text="#000000" leftmargin="0" topmargin="0" marginwidth="0" marginheight="0" onload="unhideform();"><FORM method="post" ACTION="/login.html"><INPUT TYPE="hidden" NAME="buttonClicked" SIZE="16" MAXLENGTH="15" VALUE="0"><INPUT TYPE="hidden" NAME="err_flag" SIZE="16" MAXLENGTH="15" VALUE="0"><INPUT TYPE="hidden" NAME="err_msg" SIZE="32" MAXLENGTH="31" VALUE=""><INPUT TYPE="hidden" NAME="info_flag" SIZE="16" MAXLENGTH="15" VALUE="0"><INPUT TYPE="hidden" NAME="info_msg" SIZE="32" MAXLENGTH="31" VALUE=""><INPUT TYPE="hidden" NAME="redirect_url" SIZE="255" MAXLENGTH="255" VALUE=""><div style="display:none" id="formId"><table border="0" cellspacing=0 cellpading="0" width="100%">   <tr>     <td width="180" background="../../images/background_web41.jpg" align="middle" style="padding-bottom: 4px;" >     <h1>Connect</h1>     </td>     <td height="53" align="right" style="padding-bottom: 4px; padding-right: 20px;" background="../../images/background_web41.jpg"></td>    </tr>    <tr>      <td align="left" width="400">        <div class="content">            <table border="0" cellspacing="10" cellpadding="0">            <tr>                <td>                    <table border="0" cellspacing="10" cellpadding="0">                        <tr>                            <th width="400" align="left">Welcome to mo.gov Public Wireless Access Network</th>                        </tr>                        <tr>                            <td class="message" width="400" align="left">                                Please be aware that by utilizing this complimentary service, you assume all risks, including those risks related to confidentiality and security.  The State of Missouri shall not be responsible for any damage or adverse impact to you or your equipment, software or data resulting from your use of this network.Be aware that certain types of user information may not be confidential when transmitted across this network.If you accept these terms of usage, please enter your User Name and Password and click on the “Submit” button below to continue, otherwise, exit and close your browser.                            </td>                        </tr>                    </table>                </td>            </tr>            <script>                getErrorMsgIfAny();            </script>            <tr>                <td>                    <table border="0" cellspacing="10" cellpadding="0">                                   <tr>                            <td>&nbsp;</td>                            <td>                                <script>getHtmlForButton("Submit","Accept","buttonStretch","submitAction()"); </script>                            </td>                        </tr>                    </table>                </td>            </tr>            </table>        </div>        </td>        <td align="right" >            <table border="0" cellspacing="10" cellpadding="0" >                <tr>                    <td align="right" style="padding-top: 25px; padding-right: 20px;"                        bgcolor="#ffffff" >                    <div ></div></td>                </tr>            </table>           </td>   </tr></table></div></FORM></body><HEAD><meta http-equiv="Cache-control" content="no-cache"><meta http-equiv="Pragma" content="no-cache"><meta http-equiv="Expires" content="-1"></HEAD></html>
Field[0(Date)] = [Thu, 03 Oct 2013 22:12:57 GMT]
Field[1(Transfer-Encoding)] = [chunked]
Field[2(Content-Type)] = [text/html]
Field[3(Pragma)] = [no-cache]
Field[4(Expires)] = [Thu, 03 Oct 2013 22:12:57 GMT]
Field[5(Last-Modified)] = [Thu, 03 Oct 2013 22:12:57 GMT]
Field[6(Cache-Control)] = [no-cache]
Field[7(X-Android-Sent-Millis)] = [1380838373476]
Field[8(X-Android-Received-Millis)] = [1380838373501]
onLoad = [unhideform();]
Attempting authorization at [https://www.wlc.oa.mo.gov/login.html?redirect=mirrors.kernel.org/debian/pool/]
Data to post:[redirect_url=&info_flag=0&info_msg=&err_msg=&err_flag=0&buttonClicked=4]
Data posted, checking result ...
onLoad = []
Error:Unknown Captive portal
Re-checking connection ...
Trying [http://mirrors.kernel.org/debian/pool/]
onLoad = []
Error:Unknown Captive portal
Read 14 lines:
<!DOCTYPE HTML PUBLIC "-//W3C//DTD HTML 3.2 Final//EN"><html> <head>  <title>Index of /debian/pool</title> </head> <body><h1>Index of /debian/pool</h1><pre><a href="?C=N;O=D">Name</a>                    <a href="?C=M;O=A">Last modified</a>      <a href="?C=S;O=A">Size</a>  <hr><a href="/debian/">Parent Directory</a>                             -   <a href="contrib/">contrib/</a>                01-Jul-2012 02:28    -   <a href="main/">main/</a>                   09-Apr-2012 10:02    -   <a href="non-free/">non-free/</a>               30-Mar-2012 02:50    -   <hr></pre><address>Apache/2.2.15 (Red Hat) Server at mirrors.kernel.org Port 80</address></body></html>
Field[0(Date)] = [Thu, 03 Oct 2013 22:12:55 GMT]
Field[1(Server)] = [Apache/2.2.15 (Red Hat)]
Field[2(Content-Length)] = [681]
Field[3(Keep-Alive)] = [timeout=5, max=1000]
Field[4(Connection)] = [Keep-Alive]
Field[5(Content-Type)] = [text/html;charset=UTF-8]
Field[6(X-Android-Sent-Millis)] = [1380838373756]
Field[7(X-Android-Received-Millis)] = [1380838373838]
Success
Success
protocol has changed!
Trying [https://www.wlc.oa.mo.gov/login.html?redirect=mirrors.kernel.org/debian/pool/]
onLoad = [unhideform();]
Detected Captive portal com.wifiafterconnect.handlers.CiscoHandler@424bd9f0
Read 156 lines:
<html><head><title>Web Authentication</title><meta http-equiv="Cache-control" content="no-cache"><meta http-equiv="Pragma" content="no-cache"><meta http-equiv="Expires" content="-1"><meta http-equiv="Content-Type" content="text/html; charset=iso-8859-1"><style><!--DIV.sidebar {    RIGHT: 0px;    POSITION: absolute;    TOP: -1px;    HEIGHT: 100%;    width: 200;}DIV.graybar {    RIGHT: 0px; POSITION: absolute; TOP: 0px; HEIGHT: 100%; BACKGROUND-COLOR: #f8f8f8}/* background not be shown for NEC */DIV.header {    BACKGROUND-POSITION: right 50%; LEFT: 0px; BACKGROUND-IMAGE:  url(images/background_web41.jpg); WIDTH: 100%; BACKGROUND-REPEAT: repeat; POSITION: absolute; TOP: 0px; HEIGHT: 52px; BACKGROUND-COLOR: #FFFFFF}DIV.content {    LEFT: 14px; MARGIN: 15px; POSITION: absolute; TOP: 60px}H1 {    FONT-WEIGHT: bold; FONT-SIZE: 19px; MARGIN: 16px 0px 0px 25px; COLOR: #ffffff; FONT-FAMILY: Tahoma, Arial, Helvetica, sans-serif}H2 {    FONT-WEIGHT: bold; FONT-SIZE: 15px; MARGIN: 10px 0px 0px 10px; COLOR: #336666; FONT-FAMILY: Arial, Helvetica, sans-serif}INPUT {    FONT-SIZE: 12px; FONT-FAMILY: Arial, Helvetica, sans-serif}INPUT.button {    MARGIN-TOP: 10px; FONT-WEIGHT: bold; WIDTH: 80px; COLOR: #ffffff; BACKGROUND-COLOR: #669999}P {    FONT-SIZE: 12px; MARGIN: 0px 0px 10px; COLOR: #001133; FONT-FAMILY: Arial, Helvetica, sans-serif}TD {    FONT-WEIGHT: bold; FONT-SIZE: 12px; COLOR: #336666; FONT-FAMILY: Arial, Helvetica, sans-serif}TD.message {    FONT-WEIGHT: normal; COLOR: #000000}--></STYLE><noscript><meta HTTP-EQUIV="REFRESH" content="0; url=https://www.wlc.oa.mo.gov/login_noscript.html"></noscript><script language="javascript" src="/loginscript.js"></script><script>function getErrorMsgIfAny(){ if(document.forms[0].err_flag.value == 1){    document.writeln(' \     <tr align="center"> <td colspan="2" style="color:#CC0000">Login Error.</td>\     </tr><tr align="center"> <td width="350" class="message" colspan="2">The User Name and Password combination you have entered is invalid. Please try again.</td></tr>\    <tr> <td class="caption" colspan="2">&nbsp;</td></tr>'); }else{   document.writeln(' '); }}function unhideform(){     document.getElementById("formId").style.display = "block";}</script></head><body bgcolor="#ffffff" text="#000000" leftmargin="0" topmargin="0" marginwidth="0" marginheight="0" onload="unhideform();"><FORM method="post" ACTION="/login.html"><INPUT TYPE="hidden" NAME="buttonClicked" SIZE="16" MAXLENGTH="15" VALUE="0"><INPUT TYPE="hidden" NAME="err_flag" SIZE="16" MAXLENGTH="15" VALUE="0"><INPUT TYPE="hidden" NAME="err_msg" SIZE="32" MAXLENGTH="31" VALUE=""><INPUT TYPE="hidden" NAME="info_flag" SIZE="16" MAXLENGTH="15" VALUE="0"><INPUT TYPE="hidden" NAME="info_msg" SIZE="32" MAXLENGTH="31" VALUE=""><INPUT TYPE="hidden" NAME="redirect_url" SIZE="255" MAXLENGTH="255" VALUE=""><div style="display:none" id="formId"><table border="0" cellspacing=0 cellpading="0" width="100%">   <tr>     <td width="180" background="../../images/background_web41.jpg" align="middle" style="padding-bottom: 4px;" >     <h1>Connect</h1>     </td>     <td height="53" align="right" style="padding-bottom: 4px; padding-right: 20px;" background="../../images/background_web41.jpg"></td>    </tr>    <tr>      <td align="left" width="400">        <div class="content">            <table border="0" cellspacing="10" cellpadding="0">            <tr>                <td>                    <table border="0" cellspacing="10" cellpadding="0">                        <tr>                            <th width="400" align="left">Welcome to mo.gov Public Wireless Access Network</th>                        </tr>                        <tr>                            <td class="message" width="400" align="left">                                Please be aware that by utilizing this complimentary service, you assume all risks, including those risks related to confidentiality and security.  The State of Missouri shall not be responsible for any damage or adverse impact to you or your equipment, software or data resulting from your use of this network.Be aware that certain types of user information may not be confidential when transmitted across this network.If you accept these terms of usage, please enter your User Name and Password and click on the “Submit” button below to continue, otherwise, exit and close your browser.                            </td>                        </tr>                    </table>                </td>            </tr>            <script>                getErrorMsgIfAny();            </script>            <tr>                <td>                    <table border="0" cellspacing="10" cellpadding="0">                                   <tr>                            <td>&nbsp;</td>                            <td>                                <script>getHtmlForButton("Submit","Accept","buttonStretch","submitAction()"); </script>                            </td>                        </tr>                    </table>                </td>            </tr>            </table>        </div>        </td>        <td align="right" >            <table border="0" cellspacing="10" cellpadding="0" >                <tr>                    <td align="right" style="padding-top: 25px; padding-right: 20px;"                        bgcolor="#ffffff" >                    <div ></div></td>                </tr>            </table>           </td>   </tr></table></div></FORM></body><HEAD><meta http-equiv="Cache-control" content="no-cache"><meta http-equiv="Pragma" content="no-cache"><meta http-equiv="Expires" content="-1"></HEAD></html>
Field[0(Date)] = [Fri, 04 Oct 2013 13:55:51 GMT]
Field[1(Transfer-Encoding)] = [chunked]
Field[2(Content-Type)] = [text/html]
Field[3(Pragma)] = [no-cache]
Field[4(Expires)] = [Fri, 04 Oct 2013 13:55:51 GMT]
Field[5(Last-Modified)] = [Fri, 04 Oct 2013 13:55:51 GMT]
Field[6(Cache-Control)] = [no-cache]
Field[7(X-Android-Sent-Millis)] = [1380894947974]
Field[8(X-Android-Received-Millis)] = [1380894948015]
onLoad = [unhideform();]
Attempting authorization at [https://www.wlc.oa.mo.gov/login.html?redirect=mirrors.kernel.org/debian/pool/]
Data to post:[redirect_url=&info_flag=0&info_msg=&err_msg=&err_flag=0&buttonClicked=4]
Data posted, checking result ...
onLoad = []
Error:Unknown Captive portal
Re-checking connection ...
Trying [http://mirrors.kernel.org/debian/pool/]
onLoad = []
Error:Unknown Captive portal
Read 14 lines:
<!DOCTYPE HTML PUBLIC "-//W3C//DTD HTML 3.2 Final//EN"><html> <head>  <title>Index of /debian/pool</title> </head> <body><h1>Index of /debian/pool</h1><pre><a href="?C=N;O=D">Name</a>                    <a href="?C=M;O=A">Last modified</a>      <a href="?C=S;O=A">Size</a>  <hr><a href="/debian/">Parent Directory</a>                             -   <a href="contrib/">contrib/</a>                01-Jul-2012 02:28    -   <a href="main/">main/</a>                   09-Apr-2012 10:02    -   <a href="non-free/">non-free/</a>               30-Mar-2012 02:50    -   <hr></pre><address>Apache/2.2.15 (Red Hat) Server at mirrors.kernel.org Port 80</address></body></html>
Field[0(Date)] = [Fri, 04 Oct 2013 13:55:51 GMT]
Field[1(Server)] = [Apache/2.2.15 (Red Hat)]
Field[2(Content-Length)] = [681]
Field[3(Keep-Alive)] = [timeout=5, max=1000]
Field[4(Connection)] = [Keep-Alive]
Field[5(Content-Type)] = [text/html;charset=UTF-8]
Field[6(X-Android-Sent-Millis)] = [1380894949407]
Field[7(X-Android-Received-Millis)] = [1380894950262]
Success
Success
protocol has changed!
Trying [https://www.wlc.oa.mo.gov/login.html?redirect=mirrors.kernel.org/debian/pool/]
onLoad = [unhideform();]
Detected Captive portal com.wifiafterconnect.handlers.CiscoHandler@424baf28
Read 156 lines:
<html><head><title>Web Authentication</title><meta http-equiv="Cache-control" content="no-cache"><meta http-equiv="Pragma" content="no-cache"><meta http-equiv="Expires" content="-1"><meta http-equiv="Content-Type" content="text/html; charset=iso-8859-1"><style><!--DIV.sidebar {    RIGHT: 0px;    POSITION: absolute;    TOP: -1px;    HEIGHT: 100%;    width: 200;}DIV.graybar {    RIGHT: 0px; POSITION: absolute; TOP: 0px; HEIGHT: 100%; BACKGROUND-COLOR: #f8f8f8}/* background not be shown for NEC */DIV.header {    BACKGROUND-POSITION: right 50%; LEFT: 0px; BACKGROUND-IMAGE:  url(images/background_web41.jpg); WIDTH: 100%; BACKGROUND-REPEAT: repeat; POSITION: absolute; TOP: 0px; HEIGHT: 52px; BACKGROUND-COLOR: #FFFFFF}DIV.content {    LEFT: 14px; MARGIN: 15px; POSITION: absolute; TOP: 60px}H1 {    FONT-WEIGHT: bold; FONT-SIZE: 19px; MARGIN: 16px 0px 0px 25px; COLOR: #ffffff; FONT-FAMILY: Tahoma, Arial, Helvetica, sans-serif}H2 {    FONT-WEIGHT: bold; FONT-SIZE: 15px; MARGIN: 10px 0px 0px 10px; COLOR: #336666; FONT-FAMILY: Arial, Helvetica, sans-serif}INPUT {    FONT-SIZE: 12px; FONT-FAMILY: Arial, Helvetica, sans-serif}INPUT.button {    MARGIN-TOP: 10px; FONT-WEIGHT: bold; WIDTH: 80px; COLOR: #ffffff; BACKGROUND-COLOR: #669999}P {    FONT-SIZE: 12px; MARGIN: 0px 0px 10px; COLOR: #001133; FONT-FAMILY: Arial, Helvetica, sans-serif}TD {    FONT-WEIGHT: bold; FONT-SIZE: 12px; COLOR: #336666; FONT-FAMILY: Arial, Helvetica, sans-serif}TD.message {    FONT-WEIGHT: normal; COLOR: #000000}--></STYLE><noscript><meta HTTP-EQUIV="REFRESH" content="0; url=https://www.wlc.oa.mo.gov/login_noscript.html"></noscript><script language="javascript" src="/loginscript.js"></script><script>function getErrorMsgIfAny(){ if(document.forms[0].err_flag.value == 1){    document.writeln(' \     <tr align="center"> <td colspan="2" style="color:#CC0000">Login Error.</td>\     </tr><tr align="center"> <td width="350" class="message" colspan="2">The User Name and Password combination you have entered is invalid. Please try again.</td></tr>\    <tr> <td class="caption" colspan="2">&nbsp;</td></tr>'); }else{   document.writeln(' '); }}function unhideform(){     document.getElementById("formId").style.display = "block";}</script></head><body bgcolor="#ffffff" text="#000000" leftmargin="0" topmargin="0" marginwidth="0" marginheight="0" onload="unhideform();"><FORM method="post" ACTION="/login.html"><INPUT TYPE="hidden" NAME="buttonClicked" SIZE="16" MAXLENGTH="15" VALUE="0"><INPUT TYPE="hidden" NAME="err_flag" SIZE="16" MAXLENGTH="15" VALUE="0"><INPUT TYPE="hidden" NAME="err_msg" SIZE="32" MAXLENGTH="31" VALUE=""><INPUT TYPE="hidden" NAME="info_flag" SIZE="16" MAXLENGTH="15" VALUE="0"><INPUT TYPE="hidden" NAME="info_msg" SIZE="32" MAXLENGTH="31" VALUE=""><INPUT TYPE="hidden" NAME="redirect_url" SIZE="255" MAXLENGTH="255" VALUE=""><div style="display:none" id="formId"><table border="0" cellspacing=0 cellpading="0" width="100%">   <tr>     <td width="180" background="../../images/background_web41.jpg" align="middle" style="padding-bottom: 4px;" >     <h1>Connect</h1>     </td>     <td height="53" align="right" style="padding-bottom: 4px; padding-right: 20px;" background="../../images/background_web41.jpg"></td>    </tr>    <tr>      <td align="left" width="400">        <div class="content">            <table border="0" cellspacing="10" cellpadding="0">            <tr>                <td>                    <table border="0" cellspacing="10" cellpadding="0">                        <tr>                            <th width="400" align="left">Welcome to mo.gov Public Wireless Access Network</th>                        </tr>                        <tr>                            <td class="message" width="400" align="left">                                Please be aware that by utilizing this complimentary service, you assume all risks, including those risks related to confidentiality and security.  The State of Missouri shall not be responsible for any damage or adverse impact to you or your equipment, software or data resulting from your use of this network.Be aware that certain types of user information may not be confidential when transmitted across this network.If you accept these terms of usage, please enter your User Name and Password and click on the “Submit” button below to continue, otherwise, exit and close your browser.                            </td>                        </tr>                    </table>                </td>            </tr>            <script>                getErrorMsgIfAny();            </script>            <tr>                <td>                    <table border="0" cellspacing="10" cellpadding="0">                                   <tr>                            <td>&nbsp;</td>                            <td>                                <script>getHtmlForButton("Submit","Accept","buttonStretch","submitAction()"); </script>                            </td>                        </tr>                    </table>                </td>            </tr>            </table>        </div>        </td>        <td align="right" >            <table border="0" cellspacing="10" cellpadding="0" >                <tr>                    <td align="right" style="padding-top: 25px; padding-right: 20px;"                        bgcolor="#ffffff" >                    <div ></div></td>                </tr>            </table>           </td>   </tr></table></div></FORM></body><HEAD><meta http-equiv="Cache-control" content="no-cache"><meta http-equiv="Pragma" content="no-cache"><meta http-equiv="Expires" content="-1"></HEAD></html>
Field[0(Date)] = [Fri, 04 Oct 2013 18:41:42 GMT]
Field[1(Transfer-Encoding)] = [chunked]
Field[2(Content-Type)] = [text/html]
Field[3(Pragma)] = [no-cache]
Field[4(Expires)] = [Fri, 04 Oct 2013 18:41:42 GMT]
Field[5(Last-Modified)] = [Fri, 04 Oct 2013 18:41:42 GMT]
Field[6(Cache-Control)] = [no-cache]
Field[7(X-Android-Sent-Millis)] = [1380912098834]
Field[8(X-Android-Received-Millis)] = [1380912098866]
onLoad = [unhideform();]
Attempting authorization at [https://www.wlc.oa.mo.gov/login.html?redirect=mirrors.kernel.org/debian/pool/]
Data to post:[redirect_url=&info_flag=0&info_msg=&err_msg=&err_flag=0&buttonClicked=4]
Data posted, checking result ...
onLoad = []
Error:Unknown Captive portal
Re-checking connection ...
Trying [http://mirrors.kernel.org/debian/pool/]
onLoad = []
Error:Unknown Captive portal
Read 14 lines:
<!DOCTYPE HTML PUBLIC "-//W3C//DTD HTML 3.2 Final//EN"><html> <head>  <title>Index of /debian/pool</title> </head> <body><h1>Index of /debian/pool</h1><pre><a href="?C=N;O=D">Name</a>                    <a href="?C=M;O=A">Last modified</a>      <a href="?C=S;O=A">Size</a>  <hr><a href="/debian/">Parent Directory</a>                             -   <a href="contrib/">contrib/</a>                01-Jul-2012 02:28    -   <a href="main/">main/</a>                   09-Apr-2012 10:02    -   <a href="non-free/">non-free/</a>               30-Mar-2012 02:50    -   <hr></pre><address>Apache/2.2.15 (Red Hat) Server at mirrors.kernel.org Port 80</address></body></html>
Field[0(Date)] = [Fri, 04 Oct 2013 18:41:40 GMT]
Field[1(Server)] = [Apache/2.2.15 (Red Hat)]
Field[2(Content-Length)] = [681]
Field[3(Keep-Alive)] = [timeout=5, max=1000]
Field[4(Connection)] = [Keep-Alive]
Field[5(Content-Type)] = [text/html;charset=UTF-8]
Field[6(X-Android-Sent-Millis)] = [1380912099186]
Field[7(X-Android-Received-Millis)] = [1380912099276]
Success
Success
